This is pdfTeX, Version 3.14159265-2.6-1.40.18 (TeX Live 2017) (preloaded format=pdflatex 2017.5.23)  18 SEP 2018 22:06
entering extended mode
 restricted \write18 enabled.
 file:line:error style messages enabled.
 %&-line parsing enabled.
**USAMO-2018-2.tex
(./USAMO-2018-2.tex
LaTeX2e <2017-04-15>
Babel <3.10> and hyphenation patterns for 84 language(s) loaded.

./USAMO-2018-2.tex:1: LaTeX Error: Missing \begin{document}.

See the LaTeX manual or LaTeX Companion for explanation.
Type  H <return>  for immediate help.
 ...                                              
                                                  
l.1 T
     he answer is $\boxed{C\left(\frac{1}{x+1}-\frac{1}{3}\right)+\frac{1}{3...

? 
./USAMO-2018-2.tex:1: Emergency stop.
 ...                                              
                                                  
l.1 T
     he answer is $\boxed{C\left(\frac{1}{x+1}-\frac{1}{3}\right)+\frac{1}{3...

You're in trouble here.  Try typing  <return>  to proceed.
If that doesn't work, type  X <return>  to quit.

 
Here is how much of TeX's memory you used:
 6 strings out of 492995
 280 string characters out of 6132704
 54074 words of memory out of 5000000
 3658 multiletter control sequences out of 15000+600000
 3640 words of font info for 14 fonts, out of 8000000 for 9000
 1141 hyphenation exceptions out of 8191
 5i,0n,4p,258b,14s stack positions out of 5000i,500n,10000p,200000b,80000s
./USAMO-2018-2.tex:1:  ==> Fatal error occurred, no output PDF file produced!
